<?xml version="1.0" encoding="UTF-8"?>
<testsuite name="dev.flatmine.common.MiningOrderTest" tests="2" skipped="0" failures="0" errors="0" timestamp="2026-09-04T10:01:16" hostname="DESKTOP-RRNIVR8" time="3.188">
  <properties/>
  <testcase name="freeSelectionAndReverseAreEqual()" classname="dev.flatmine.common.MiningOrderTest" time="3.142"/>
  <testcase name="entireLayerBeforeDescending()" classname="dev.flatmine.common.MiningOrderTest" time="0.026"/>
  <system-out><![CDATA[]]></system-out>
  <system-err><![CDATA[]]></system-err>
</testsuite>
